<?xml version="1.0" encoding="UTF-8"?>
<testsuite name="com.example.calc.CalcApplicationTests" tests="1" skipped="0" failures="0" errors="0" timestamp="2019-01-12T12:33:16" hostname="C02RR066G8WP" time="0.441">
  <properties/>
  <testcase name="contextLoads" classname="com.example.calc.CalcApplicationTests" time="0.441"/>
  <system-out><![CDATA[12:33:13.174 [Test worker] DEBUG org.springframework.test.context.junit4.SpringJUnit4ClassRunner - SpringJUnit4ClassRunner constructor called with [class com.example.calc.CalcApplicationTests]
12:33:13.189 [Test worker] DEBUG org.springframework.test.context.BootstrapUtils - Instantiating CacheAwareContextLoaderDelegate from class [org.springframework.test.context.cache.DefaultCacheAwareContextLoaderDelegate]
12:33:13.206 [Test worker] DEBUG org.springframework.test.context.BootstrapUtils - Instantiating BootstrapContext using constructor [public org.springframework.test.context.support.DefaultBootstrapContext(java.lang.Class,org.springframework.test.context.CacheAwareContextLoaderDelegate)]
12:33:13.247 [Test worker] DEBUG org.springframework.test.context.BootstrapUtils - Instantiating TestContextBootstrapper for test class [com.example.calc.CalcApplicationTests] from class [org.springframework.boot.test.context.SpringBootTestContextBootstrapper]
12:33:13.270 [Test worker] INFO org.springframework.boot.test.context.SpringBootTestContextBootstrapper - Neither @ContextConfiguration nor @ContextHierarchy found for test class [com.example.calc.CalcApplicationTests], using SpringBootContextLoader
12:33:13.276 [Test worker] DEBUG org.springframework.test.context.support.AbstractContextLoader - Did not detect default resource location for test class [com.example.calc.CalcApplicationTests]: class path resource [com/example/calc/CalcApplicationTests-context.xml] does not exist
12:33:13.276 [Test worker] DEBUG org.springframework.test.context.support.AbstractContextLoader - Did not detect default resource location for test class [com.example.calc.CalcApplicationTests]: class path resource [com/example/calc/CalcApplicationTestsContext.groovy] does not exist
12:33:13.276 [Test worker] INFO org.springframework.test.context.support.AbstractContextLoader - Could not detect default resource locations for test class [com.example.calc.CalcApplicationTests]: no resource found for suffixes {-context.xml, Context.groovy}.
12:33:13.278 [Test worker] INFO org.springframework.test.context.support.AnnotationConfigContextLoaderUtils - Could not detect default configuration classes for test class [com.example.calc.CalcApplicationTests]: CalcApplicationTests does not declare any static, non-private, non-final, nested classes annotated with @Configuration.
12:33:13.341 [Test worker] DEBUG org.springframework.test.context.support.ActiveProfilesUtils - Could not find an 'annotation declaring class' for annotation type [org.springframework.test.context.ActiveProfiles] and class [com.example.calc.CalcApplicationTests]
12:33:13.474 [Test worker] DEBUG org.springframework.context.annotation.ClassPathScanningCandidateComponentProvider - Identified candidate component class: file [/Users/nkalaiya/workspace/dock_test/repo/calc/build/classes/java/main/com/example/calc/CalcApplication.class]
12:33:13.484 [Test worker] INFO org.springframework.boot.test.context.SpringBootTestContextBootstrapper - Found @SpringBootConfiguration com.example.calc.CalcApplication for test class com.example.calc.CalcApplicationTests
12:33:13.662 [Test worker] DEBUG org.springframework.boot.test.context.SpringBootTestContextBootstrapper - @TestExecutionListeners is not present for class [com.example.calc.CalcApplicationTests]: using defaults.
12:33:13.662 [Test worker] INFO org.springframework.boot.test.context.SpringBootTestContextBootstrapper - Loaded default TestExecutionListener class names from location [META-INF/spring.factories]: [org.springframework.boot.test.autoconfigure.restdocs.RestDocsTestExecutionListener, org.springframework.boot.test.autoconfigure.web.client.MockRestServiceServerResetTestExecutionListener, org.springframework.boot.test.autoconfigure.web.servlet.MockMvcPrintOnlyOnFailureTestExecutionListener, org.springframework.boot.test.autoconfigure.web.servlet.WebDriverTestExecutionListener, org.springframework.boot.test.mock.mockito.MockitoTestExecutionListener, org.springframework.boot.test.mock.mockito.ResetMocksTestExecutionListener, org.springframework.test.context.web.ServletTestExecutionListener, org.springframework.test.context.support.DirtiesContextBeforeModesTestExecutionListener, org.springframework.test.context.support.DependencyInjectionTestExecutionListener, org.springframework.test.context.support.DirtiesContextTestExecutionListener, org.springframework.test.context.transaction.TransactionalTestExecutionListener, org.springframework.test.context.jdbc.SqlScriptsTestExecutionListener]
12:33:13.688 [Test worker] DEBUG org.springframework.boot.test.context.SpringBootTestContextBootstrapper - Skipping candidate TestExecutionListener [org.springframework.test.context.transaction.TransactionalTestExecutionListener] due to a missing dependency. Specify custom listener classes or make the default listener classes and their required dependencies available. Offending class: [org/springframework/transaction/interceptor/TransactionAttributeSource]
12:33:13.688 [Test worker] DEBUG org.springframework.boot.test.context.SpringBootTestContextBootstrapper - Skipping candidate TestExecutionListener [org.springframework.test.context.jdbc.SqlScriptsTestExecutionListener] due to a missing dependency. Specify custom listener classes or make the default listener classes and their required dependencies available. Offending class: [org/springframework/transaction/interceptor/TransactionAttribute]
12:33:13.689 [Test worker] INFO org.springframework.boot.test.context.SpringBootTestContextBootstrapper - Using TestExecutionListeners: [org.springframework.test.context.web.ServletTestExecutionListener@3a471b09, org.springframework.test.context.support.DirtiesContextBeforeModesTestExecutionListener@5fbd91dd, org.springframework.boot.test.mock.mockito.MockitoTestExecutionListener@7bd4a945, org.springframework.boot.test.autoconfigure.SpringBootDependencyInjectionTestExecutionListener@715e9ddb, org.springframework.test.context.support.DirtiesContextTestExecutionListener@73434faa, org.springframework.boot.test.autoconfigure.restdocs.RestDocsTestExecutionListener@40c30b66, org.springframework.boot.test.autoconfigure.web.client.MockRestServiceServerResetTestExecutionListener@1e030cba, org.springframework.boot.test.autoconfigure.web.servlet.MockMvcPrintOnlyOnFailureTestExecutionListener@1bb6eae4, org.springframework.boot.test.autoconfigure.web.servlet.WebDriverTestExecutionListener@72e1d827, org.springframework.boot.test.mock.mockito.ResetMocksTestExecutionListener@2aa16526]
12:33:13.693 [Test worker] DEBUG org.springframework.test.annotation.ProfileValueUtils - Retrieved @ProfileValueSourceConfiguration [null] for test class [com.example.calc.CalcApplicationTests]
12:33:13.694 [Test worker] DEBUG org.springframework.test.annotation.ProfileValueUtils - Retrieved ProfileValueSource type [class org.springframework.test.annotation.SystemProfileValueSource] for class [com.example.calc.CalcApplicationTests]
12:33:13.695 [Test worker] DEBUG org.springframework.test.annotation.ProfileValueUtils - Retrieved @ProfileValueSourceConfiguration [null] for test class [com.example.calc.CalcApplicationTests]
12:33:13.696 [Test worker] DEBUG org.springframework.test.annotation.ProfileValueUtils - Retrieved ProfileValueSource type [class org.springframework.test.annotation.SystemProfileValueSource] for class [com.example.calc.CalcApplicationTests]
12:33:13.702 [Test worker] DEBUG org.springframework.test.context.support.AbstractDirtiesContextTestExecutionListener - Before test class: context [DefaultTestContext@1a579d0e testClass = CalcApplicationTests, testInstance = [null], testMethod = [null], testException = [null], mergedContextConfiguration = [WebMergedContextConfiguration@4ffb8a42 testClass = CalcApplicationTests, locations = '{}', classes = '{class com.example.calc.CalcApplication}', contextInitializerClasses = '[]', activeProfiles = '{}', propertySourceLocations = '{}', propertySourceProperties = '{org.springframework.boot.test.context.SpringBootTestContextBootstrapper=true}', contextCustomizers = set[org.springframework.boot.test.autoconfigure.properties.PropertyMappingContextCustomizer@0, org.springframework.boot.test.autoconfigure.web.servlet.WebDriverContextCustomizerFactory$Customizer@1448e759, org.springframework.boot.test.context.filter.ExcludeFilterContextCustomizer@2e3e5d77, org.springframework.boot.test.json.DuplicateJsonObjectContextCustomizerFactory$DuplicateJsonObjectContextCustomizer@2719c4a4, org.springframework.boot.test.mock.mockito.MockitoContextCustomizer@0, org.springframework.boot.test.web.client.TestRestTemplateContextCustomizer@27985aa3], resourceBasePath = 'src/main/webapp', contextLoader = 'org.springframework.boot.test.context.SpringBootContextLoader', parent = [null]], attributes = map['org.springframework.test.context.web.ServletTestExecutionListener.activateListener' -> true]], class annotated with @DirtiesContext [false] with mode [null].
12:33:13.703 [Test worker] DEBUG org.springframework.test.annotation.ProfileValueUtils - Retrieved @ProfileValueSourceConfiguration [null] for test class [com.example.calc.CalcApplicationTests]
12:33:13.703 [Test worker] DEBUG org.springframework.test.annotation.ProfileValueUtils - Retrieved ProfileValueSource type [class org.springframework.test.annotation.SystemProfileValueSource] for class [com.example.calc.CalcApplicationTests]
12:33:13.744 [Test worker] DEBUG org.springframework.test.context.support.TestPropertySourceUtils - Adding inlined properties to environment: {spring.jmx.enabled=false, org.springframework.boot.test.context.SpringBootTestContextBootstrapper=true, server.port=-1}

  .   ____          _            __ _ _
 /\\ / ___'_ __ _ _(_)_ __  __ _ \ \ \ \
( ( )\___ | '_ | '_| | '_ \/ _` | \ \ \ \
 \\/  ___)| |_)| | | | | || (_| |  ) ) ) )
  '  |____| .__|_| |_|_| |_\__, | / / / /
 =========|_|==============|___/=/_/_/_/
 :: Spring Boot ::        (v2.1.1.RELEASE)

2019-01-12 12:33:14.166  INFO 20428 --- [    Test worker] com.example.calc.CalcApplicationTests    : Starting CalcApplicationTests on C02RR066G8WP with PID 20428 (started by nkalaiya in /Users/nkalaiya/workspace/dock_test/repo/calc)
2019-01-12 12:33:14.168  INFO 20428 --- [    Test worker] com.example.calc.CalcApplicationTests    : No active profile set, falling back to default profiles: default
2019-01-12 12:33:15.952  INFO 20428 --- [    Test worker] o.s.s.concurrent.ThreadPoolTaskExecutor  : Initializing ExecutorService 'applicationTaskExecutor'
2019-01-12 12:33:16.271  INFO 20428 --- [    Test worker] com.example.calc.CalcApplicationTests    : Started CalcApplicationTests in 2.504 seconds (JVM running for 4.299)
]]></system-out>
  <system-err><![CDATA[]]></system-err>
</testsuite>
