<?xml version="1.0" encoding="UTF-8"?>
<testsuite name="com.example.calc.CalculatorTest" tests="1" skipped="0" failures="0" errors="0" timestamp="2019-01-12T12:33:16" hostname="C02RR066G8WP" time="0.0">
  <properties/>
  <testcase name="testSum" classname="com.example.calc.CalculatorTest" time="0.0"/>
  <system-out><![CDATA[]]></system-out>
  <system-err><![CDATA[]]></system-err>
</testsuite>
